[2024-07-30 13:31:24] Backup plugin initialized at exactly 1722346284.3556
[2024-07-30 13:31:24] Scanning started: 1722346284.3563
[2024-07-30 13:31:24] Scan complete: 1722346284.7996
[2024-07-30 13:31:24] Files scanned: 4349
[2024-07-30 13:31:25] Backup plugin initialized at exactly 1722346285.2619
[2024-07-30 13:31:25] Scanning started: 1722346285.2624
[2024-07-30 13:31:25] Scan complete: 1722346285.7044
[2024-07-30 13:31:25] Files scanned: 4349
[2024-07-30 13:33:26] Backup plugin initialized at exactly 1722346406.1829
[2024-07-30 13:33:26] Scanning started: 1722346406.1837
[2024-07-30 13:33:27] Scan complete: 1722346407.0166
[2024-07-30 13:33:27] Files scanned: 4349
[2024-07-30 13:35:27] Backup plugin initialized at exactly 1722346527.2555
[2024-07-30 13:35:27] Scanning started: 1722346527.2563
[2024-07-30 13:35:28] Scan complete: 1722346528.1225
[2024-07-30 13:35:28] Files scanned: 4349
[2024-07-30 13:35:28] Backup plugin initialized at exactly 1722346528.4504
[2024-07-30 13:35:28] Scanning started: 1722346528.4512
[2024-07-30 13:35:29] Scan complete: 1722346529.2149
[2024-07-30 13:35:29] Files scanned: 4349
[2024-07-30 13:37:28] Backup plugin initialized at exactly 1722346648.2184
[2024-07-30 13:37:28] Scanning started: 1722346648.2192
[2024-07-30 13:37:28] Scan complete: 1722346648.9529
[2024-07-30 13:37:28] Files scanned: 4349
[2024-07-30 13:39:17] Backup plugin initialized at exactly 1722346757.5768
[2024-07-30 13:39:17] Scanning started: 1722346757.5775
[2024-07-30 13:39:18] Scan complete: 1722346758.0911
[2024-07-30 13:39:18] Files scanned: 4349
[2024-07-30 13:39:18] Backup file: C:\Users\AMD181217\Repositories\laragon\www\wp-test/../backups/backup-2024-07-30-13-39-18.zip
[2024-07-30 13:39:18] Zipping started: 1722346758.0934
[2024-07-30 13:39:19] Backup plugin initialized at exactly 1722346759.8775
[2024-07-30 13:39:19] Scanning started: 1722346759.8783
[2024-07-30 13:39:20] Scan complete: 1722346760.6258
[2024-07-30 13:39:20] Files scanned: 4349
[2024-07-30 13:39:20] Backup file: C:\Users\AMD181217\Repositories\laragon\www\wp-test/../backups/backup-2024-07-30-13-39-20.zip
[2024-07-30 13:39:20] Zipping started: 1722346760.6277
[2024-07-30 13:39:23] Zip file created successfully: C:\Users\AMD181217\Repositories\laragon\www\wp-test/../backups/backup-2024-07-30-13-39-18.zip
[2024-07-30 13:39:23] Zipping complete: 1722346763.9351
[2024-07-30 13:39:26] Zip file created successfully: C:\Users\AMD181217\Repositories\laragon\www\wp-test/../backups/backup-2024-07-30-13-39-20.zip
[2024-07-30 13:39:26] Zipping complete: 1722346766.4876
[2024-07-30 13:39:27] Backup plugin initialized at exactly 1722346767.1847
[2024-07-30 13:39:27] Scanning started: 1722346767.1853
[2024-07-30 13:39:27] Scan complete: 1722346767.6438
[2024-07-30 13:39:27] Files scanned: 4349
[2024-07-30 13:39:27] Backup file: C:\Users\AMD181217\Repositories\laragon\www\wp-test/../backups/backup-2024-07-30-13-39-27.zip
[2024-07-30 13:39:27] Zipping started: 1722346767.6457
[2024-07-30 13:39:33] Zip file created successfully: C:\Users\AMD181217\Repositories\laragon\www\wp-test/../backups/backup-2024-07-30-13-39-27.zip
[2024-07-30 13:39:33] Zipping complete: 1722346773.6803
[2024-07-30 13:39:40] Backup plugin initialized at exactly 1722346780.9929
[2024-07-30 13:39:40] Scanning started: 1722346780.9937
[2024-07-30 13:39:41] Scan complete: 1722346781.4282
[2024-07-30 13:39:41] Files scanned: 4349
[2024-07-30 13:39:41] Backup file: C:\Users\AMD181217\Repositories\laragon\www\wp-test/../backups/backup-2024-07-30-13-39-41.zip
[2024-07-30 13:39:41] Zipping started: 1722346781.4304
[2024-07-30 13:39:47] Zip file created successfully: C:\Users\AMD181217\Repositories\laragon\www\wp-test/../backups/backup-2024-07-30-13-39-41.zip
[2024-07-30 13:39:47] Zipping complete: 1722346787.2042
[2024-07-30 13:39:47] Backup plugin initialized at exactly 1722346787.7978
[2024-07-30 13:39:47] Scanning started: 1722346787.7992
[2024-07-30 13:39:48] Scan complete: 1722346788.2647
[2024-07-30 13:39:48] Files scanned: 4349
[2024-07-30 13:39:48] Backup file: C:\Users\AMD181217\Repositories\laragon\www\wp-test/../backups/backup-2024-07-30-13-39-48.zip
[2024-07-30 13:39:48] Zipping started: 1722346788.2676
[2024-07-30 13:39:54] Zip file created successfully: C:\Users\AMD181217\Repositories\laragon\www\wp-test/../backups/backup-2024-07-30-13-39-48.zip
[2024-07-30 13:39:54] Zipping complete: 1722346794.1583
[2024-07-30 13:40:48] Backup plugin initialized at exactly 1722346848.2396
[2024-07-30 13:40:48] Scanning started: 1722346848.2406
[2024-07-30 13:40:49] Scan complete: 1722346849.0001
[2024-07-30 13:40:49] Files scanned: 4349
[2024-07-30 13:40:49] Backup file: C:\Users\AMD181217\Repositories\laragon\www\wp-test/../backups/backup-2024-07-30-13-40-49.zip
[2024-07-30 13:40:49] Zipping started: 1722346849.0023
[2024-07-30 13:40:54] Zip file created successfully: C:\Users\AMD181217\Repositories\laragon\www\wp-test/../backups/backup-2024-07-30-13-40-49.zip
[2024-07-30 13:40:54] Zipping complete: 1722346854.7671
[2024-07-30 13:42:30] Backup plugin initialized at exactly 1722346950.6287
[2024-07-30 13:42:30] Scanning started: 1722346950.6297
[2024-07-30 13:42:31] Scan complete: 1722346951.1486
[2024-07-30 13:42:31] Files scanned: 4349
[2024-07-30 13:42:31] Backup file: C:\Users\AMD181217\Repositories\laragon\www\wp-test/../backups/backup-2024-07-30-13-42-31.zip
[2024-07-30 13:42:31] Zipping started: 1722346951.1508
[2024-07-30 13:42:32] Backup plugin initialized at exactly 1722346952.0096
[2024-07-30 13:42:32] Scanning started: 1722346952.0105
[2024-07-30 13:42:32] Scan complete: 1722346952.7773
[2024-07-30 13:42:32] Files scanned: 4349
[2024-07-30 13:42:32] Backup file: C:\Users\AMD181217\Repositories\laragon\www\wp-test/../backups/backup-2024-07-30-13-42-32.zip
[2024-07-30 13:42:32] Zipping started: 1722346952.7796
[2024-07-30 13:42:36] Zip file created successfully: C:\Users\AMD181217\Repositories\laragon\www\wp-test/../backups/backup-2024-07-30-13-42-31.zip
[2024-07-30 13:42:36] Zipping complete: 1722346956.8072
[2024-07-30 13:42:38] Zip file created successfully: C:\Users\AMD181217\Repositories\laragon\www\wp-test/../backups/backup-2024-07-30-13-42-32.zip
[2024-07-30 13:42:38] Zipping complete: 1722346958.4831
[2024-07-30 13:43:39] Backup plugin initialized at exactly 1722347019.1399
[2024-07-30 13:43:39] Scanning started: 1722347019.1407
[2024-07-30 13:43:39] Scan complete: 1722347019.5715
[2024-07-30 13:43:39] Files scanned: 4349
[2024-07-30 13:43:39] Backup file: C:\Users\AMD181217\Repositories\laragon\www\wp-test/../backups/backup-2024-07-30-13-43-39.zip
[2024-07-30 13:43:39] Zipping started: 1722347019.5737
[2024-07-30 13:43:45] Zip file created successfully: C:\Users\AMD181217\Repositories\laragon\www\wp-test/../backups/backup-2024-07-30-13-43-39.zip
[2024-07-30 13:43:45] Zipping complete: 1722347025.1803
[2024-07-30 13:45:37] Backup plugin initialized at exactly 1722347137.2108
[2024-07-30 13:45:37] Scanning started: 1722347137.2119
[2024-07-30 13:45:37] Scan complete: 1722347137.9521
[2024-07-30 13:45:37] Files scanned: 4349
[2024-07-30 13:45:37] Backup file: C:\Users\AMD181217\Repositories\laragon\www\wp-test/../backups/backup-2024-07-30-13-45-37.zip
[2024-07-30 13:45:37] Zipping started: 1722347137.9544
[2024-07-30 13:45:38] Backup plugin initialized at exactly 1722347138.1018
[2024-07-30 13:45:38] Scanning started: 1722347138.1028
[2024-07-30 13:45:38] Scan complete: 1722347138.9207
[2024-07-30 13:45:38] Files scanned: 4349
[2024-07-30 13:45:38] Backup file: C:\Users\AMD181217\Repositories\laragon\www\wp-test/../backups/backup-2024-07-30-13-45-38.zip
[2024-07-30 13:45:38] Zipping started: 1722347138.923
[2024-07-30 13:45:43] Zip file created successfully: C:\Users\AMD181217\Repositories\laragon\www\wp-test/../backups/backup-2024-07-30-13-45-37.zip
[2024-07-30 13:45:43] Zipping complete: 1722347143.8052
[2024-07-30 13:45:44] Zip file created successfully: C:\Users\AMD181217\Repositories\laragon\www\wp-test/../backups/backup-2024-07-30-13-45-38.zip
[2024-07-30 13:45:44] Zipping complete: 1722347144.7413
[2024-07-30 13:46:46] Backup plugin initialized at exactly 1722347206.146
[2024-07-30 13:46:46] Scanning started: 1722347206.1468
[2024-07-30 13:46:46] Scan complete: 1722347206.608
[2024-07-30 13:46:46] Files scanned: 4349
[2024-07-30 13:46:46] Backup file: C:\Users\AMD181217\Repositories\laragon\www\wp-test/../backups/backup-2024-07-30-13-46-46.zip
[2024-07-30 13:46:46] Zipping started: 1722347206.6105
[2024-07-30 13:46:46] Zipping complete: 1722347206.6112
[2024-07-30 13:48:46] Backup plugin initialized at exactly 1722347326.2402
[2024-07-30 13:48:46] Scanning started: 1722347326.2412
[2024-07-30 13:48:47] Scan complete: 1722347327.0323
[2024-07-30 13:48:47] Files scanned: 4349
[2024-07-30 13:48:47] Backup file: C:\Users\AMD181217\Repositories\laragon\www\wp-test/../backups/backup-2024-07-30-13-48-47.zip
[2024-07-30 13:48:47] Zipping started: 1722347327.0352
[2024-07-30 13:48:47] Zipping complete: 1722347327.036
[2024-07-30 13:49:15] Backup plugin initialized at exactly 1722347355.5989
[2024-07-30 13:49:15] Scanning started: 1722347355.5997
[2024-07-30 13:49:16] Scan complete: 1722347356.0529
[2024-07-30 13:49:16] Files scanned: 4349
[2024-07-30 13:49:16] Backup file: C:\Users\AMD181217\Repositories\laragon\www\wp-test/../backups/backup-2024-07-30-13-49-16.zip
[2024-07-30 13:49:16] Zipping started: 1722347356.0553
[2024-07-30 13:49:21] Zipping complete: 1722347361.6984
[2024-07-30 13:50:23] Backup plugin initialized at exactly 1722347423.2381
[2024-07-30 13:50:23] Scanning started: 1722347423.2392
[2024-07-30 13:50:23] Scan complete: 1722347423.9733
[2024-07-30 13:50:23] Files scanned: 4349
[2024-07-30 13:50:23] Backup file: C:\Users\AMD181217\Repositories\laragon\www\wp-test/../backups/backup-2024-07-30-13-50-23.zip
[2024-07-30 13:50:23] Zipping started: 1722347423.9759
[2024-07-30 13:50:29] Zipping complete: 1722347429.6169
[2024-07-30 13:52:24] Backup plugin initialized at exactly 1722347544.23
[2024-07-30 13:52:24] Scanning started: 1722347544.2312
[2024-07-30 13:52:24] Scan complete: 1722347544.9837
[2024-07-30 13:52:24] Files scanned: 4349
[2024-07-30 13:52:24] Backup file: C:\Users\AMD181217\Repositories\laragon\www\wp-test/../backups/backup-2024-07-30-13-52-24.zip
[2024-07-30 13:52:24] Zipping started: 1722347544.9865
[2024-07-30 13:52:30] Zipping complete: 1722347550.6584
[2024-07-30 13:53:24] Backup plugin initialized at exactly 1722347604.3831
[2024-07-30 13:53:24] Scanning started: 1722347604.384
[2024-07-30 13:53:24] Scan complete: 1722347604.8316
[2024-07-30 13:53:24] Files scanned: 4349
[2024-07-30 13:53:24] Backup file: C:\Users\AMD181217\Repositories\laragon\www\wp-test/../backups/backup-2024-07-30-13-53-24.zip
[2024-07-30 13:53:24] Zipping started: 1722347604.8342
[2024-07-30 13:53:25] Backup plugin initialized at exactly 1722347605.5016
[2024-07-30 13:53:25] Scanning started: 1722347605.5028
[2024-07-30 13:53:26] Scan complete: 1722347606.3162
[2024-07-30 13:53:26] Files scanned: 4349
[2024-07-30 13:53:26] Backup file: C:\Users\AMD181217\Repositories\laragon\www\wp-test/../backups/backup-2024-07-30-13-53-26.zip
[2024-07-30 13:53:26] Zipping started: 1722347606.3188
[2024-07-30 13:53:30] Zipping complete: 1722347610.7226
[2024-07-30 13:53:32] Zipping complete: 1722347612.1971
[2024-07-30 13:53:32] Backup plugin initialized at exactly 1722347612.9306
[2024-07-30 13:53:32] Scanning started: 1722347612.9315
[2024-07-30 13:53:33] Scan complete: 1722347613.4025
[2024-07-30 13:53:33] Files scanned: 4349
[2024-07-30 13:53:33] Backup file: C:\Users\AMD181217\Repositories\laragon\www\wp-test/../backups/backup-2024-07-30-13-53-33.zip
[2024-07-30 13:53:33] Zipping started: 1722347613.4052
[2024-07-30 13:53:39] Zipping complete: 1722347619.1204
[2024-07-30 13:54:33] Backup plugin initialized at exactly 1722347673.1509
[2024-07-30 13:54:33] Scanning started: 1722347673.1518
[2024-07-30 13:54:33] Scan complete: 1722347673.6165
[2024-07-30 13:54:33] Files scanned: 4349
[2024-07-30 13:54:33] Backup file: C:\Users\AMD181217\Repositories\laragon\www\wp-test/../backups/backup-2024-07-30-13-54-33.zip
[2024-07-30 13:54:33] Zipping started: 1722347673.6192
[2024-07-30 13:54:39] Zipping complete: 1722347679.3014
[2024-07-30 13:56:23] Backup plugin initialized at exactly 1722347783.1109
[2024-07-30 13:56:23] Scanning started: 1722347783.112
[2024-07-30 13:56:23] Backup plugin initialized at exactly 1722347783.7859
[2024-07-30 13:56:23] Scanning started: 1722347783.7872
[2024-07-30 13:56:23] Scan complete: 1722347783.9263
[2024-07-30 13:56:23] Files scanned: 4349
[2024-07-30 13:56:23] Backup file: C:\Users\AMD181217\Repositories\laragon\www\wp-test/../backups/backup-2024-07-30-13-56-23.zip
[2024-07-30 13:56:23] Zipping started: 1722347783.9293
[2024-07-30 13:56:24] Scan complete: 1722347784.5822
[2024-07-30 13:56:24] Files scanned: 4349
[2024-07-30 13:56:24] Backup file: C:\Users\AMD181217\Repositories\laragon\www\wp-test/../backups/backup-2024-07-30-13-56-24.zip
[2024-07-30 13:56:24] Zipping started: 1722347784.5851
[2024-07-30 13:56:29] Zipping complete: 1722347789.7183
[2024-07-30 13:56:30] Zipping complete: 1722347790.3781
[2024-07-30 13:57:31] Backup plugin initialized at exactly 1722347851.1443
[2024-07-30 13:57:31] Scanning started: 1722347851.1453
[2024-07-30 13:57:31] Scan complete: 1722347851.5829
[2024-07-30 13:57:31] Files scanned: 4349
[2024-07-30 13:57:31] Backup file: C:\Users\AMD181217\Repositories\laragon\www\wp-test/../backups/backup-2024-07-30-13-57-31.zip
[2024-07-30 13:57:31] Zipping started: 1722347851.5858
[2024-07-30 13:57:37] Zipping complete: 1722347857.3049
[2024-07-30 13:58:58] Backup plugin initialized at exactly 1722347938.7196
[2024-07-30 13:58:58] Scanning started: 1722347938.7209
[2024-07-30 13:58:59] Scan complete: 1722347939.4972
[2024-07-30 13:58:59] Files scanned: 4349
[2024-07-30 13:58:59] Backup file: C:\Users\AMD181217\Repositories\laragon\www\wp-test/../backups/backup-2024-07-30-13-58-59.zip
[2024-07-30 13:58:59] Zipping started: 1722347939.5003
[2024-07-30 13:58:59] Backup plugin initialized at exactly 1722347939.5387
[2024-07-30 13:58:59] Scanning started: 1722347939.5399
[2024-07-30 13:58:59] Failed to create zip file using shell command.
[2024-07-30 13:58:59] Zipping complete: 1722347939.5915
[2024-07-30 13:59:00] Scan complete: 1722347940.3473
[2024-07-30 13:59:00] Files scanned: 4349
[2024-07-30 13:59:00] Backup file: C:\Users\AMD181217\Repositories\laragon\www\wp-test/../backups/backup-2024-07-30-13-59-00.zip
[2024-07-30 13:59:00] Zipping started: 1722347940.3503
[2024-07-30 13:59:00] Failed to create zip file using shell command.
[2024-07-30 13:59:00] Zipping complete: 1722347940.4407
[2024-07-30 14:00:01] Backup plugin initialized at exactly 1722348001.1752
[2024-07-30 14:00:01] Scanning started: 1722348001.1762
[2024-07-30 14:00:01] Scan complete: 1722348001.6664
[2024-07-30 14:00:01] Files scanned: 4349
[2024-07-30 14:00:01] Backup file: C:\Users\AMD181217\Repositories\laragon\www\wp-test/../backups/backup-2024-07-30-14-00-01.zip
[2024-07-30 14:00:01] Zipping started: 1722348001.6694
[2024-07-30 14:00:01] Failed to create zip file using shell command.
[2024-07-30 14:00:01] Zipping complete: 1722348001.7701
[2024-07-30 14:01:31] Backup plugin initialized at exactly 1722348091.4218
[2024-07-30 14:01:31] Scanning started: 1722348091.4231
[2024-07-30 14:01:32] Scan complete: 1722348092.2256
[2024-07-30 14:01:32] Files scanned: 4349
[2024-07-30 14:01:32] Backup file: C:\Users\AMD181217\Repositories\laragon\www\wp-test/../backups/backup-2024-07-30-14-01-32.zip
[2024-07-30 14:01:32] Zipping started: 1722348092.2287
[2024-07-30 14:01:32] Backup plugin initialized at exactly 1722348092.3454
[2024-07-30 14:01:32] Scanning started: 1722348092.3467
[2024-07-30 14:01:33] Scan complete: 1722348093.1502
[2024-07-30 14:01:33] Files scanned: 4349
[2024-07-30 14:01:33] Backup file: C:\Users\AMD181217\Repositories\laragon\www\wp-test/../backups/backup-2024-07-30-14-01-33.zip
[2024-07-30 14:01:33] Zipping started: 1722348093.1532
[2024-07-30 14:01:38] Zipping complete: 1722348098.0061
[2024-07-30 14:01:38] Zipping complete: 1722348098.9083
[2024-07-30 14:02:40] Backup plugin initialized at exactly 1722348160.1554
[2024-07-30 14:02:40] Scanning started: 1722348160.1565
[2024-07-30 14:02:40] Scan complete: 1722348160.5962
[2024-07-30 14:02:40] Files scanned: 4349
[2024-07-30 14:02:40] Backup file: C:\Users\AMD181217\Repositories\laragon\www\wp-test/../backups/backup-2024-07-30-14-02-40.zip
[2024-07-30 14:02:40] Zipping started: 1722348160.5993
[2024-07-30 14:02:46] Zipping complete: 1722348166.3267
[2024-07-30 14:04:40] Backup plugin initialized at exactly 1722348280.2356
[2024-07-30 14:04:40] Scanning started: 1722348280.2369
[2024-07-30 14:04:41] Scan complete: 1722348281.0436
[2024-07-30 14:04:41] Files scanned: 4349
[2024-07-30 14:04:41] Backup file: C:\Users\AMD181217\Repositories\laragon\www\wp-test/../backups/backup-2024-07-30-14-04-41.zip
[2024-07-30 14:04:41] Zipping started: 1722348281.0469
[2024-07-30 14:04:46] Zipping complete: 1722348286.6779
[2024-07-30 14:06:40] Backup plugin initialized at exactly 1722348400.1567
[2024-07-30 14:06:40] Scanning started: 1722348400.1578
[2024-07-30 14:06:40] Scan complete: 1722348400.5976
[2024-07-30 14:06:40] Files scanned: 4349
[2024-07-30 14:06:40] Backup file: C:\Users\AMD181217\Repositories\laragon\www\wp-test/../backups/backup-2024-07-30-14-06-40.zip
[2024-07-30 14:06:40] Zipping started: 1722348400.6008
[2024-07-30 14:06:46] Zipping complete: 1722348406.3629
[2024-07-30 14:08:40] Backup plugin initialized at exactly 1722348520.4067
[2024-07-30 14:08:40] Scanning started: 1722348520.4083
[2024-07-30 14:08:41] Scan complete: 1722348521.0737
[2024-07-30 14:08:41] Files scanned: 4349
[2024-07-30 14:08:41] Backup file: C:\Users\AMD181217\Repositories\laragon\www\wp-test/../backups/backup-2024-07-30-14-08-41.zip
[2024-07-30 14:08:41] Zipping started: 1722348521.077
[2024-07-30 14:08:50] Backup plugin initialized at exactly 1722348530.7645
[2024-07-30 14:08:50] Scanning started: 1722348530.766
[2024-07-30 14:08:51] Scan complete: 1722348531.317
[2024-07-30 14:08:51] Files scanned: 4349
[2024-07-30 14:08:51] Backup file: C:\Users\AMD181217\Repositories\laragon\www\wp-test/../backups/backup-2024-07-30-14-08-51.zip
[2024-07-30 14:08:51] Zipping started: 1722348531.3203
[2024-07-30 14:09:05] Backup plugin initialized at exactly 1722348545.6425
[2024-07-30 14:09:05] Scanning started: 1722348545.6441
[2024-07-30 14:09:06] Scan complete: 1722348546.7709
[2024-07-30 14:09:06] Files scanned: 4349
[2024-07-30 14:09:06] Backup file: C:\Users\AMD181217\Repositories\laragon\www\wp-test/../backups/backup-2024-07-30-14-09-06.zip
[2024-07-30 14:09:06] Zipping started: 1722348546.7745
[2024-07-30 14:09:12] Zipping complete: 1722348552.5337
[2024-07-30 14:09:13] Backup plugin initialized at exactly 1722348553.1022
[2024-07-30 14:09:13] Scanning started: 1722348553.1035
[2024-07-30 14:09:13] Scan complete: 1722348553.5598
[2024-07-30 14:09:13] Files scanned: 4349
[2024-07-30 14:09:13] Backup file: C:\Users\AMD181217\Repositories\laragon\www\wp-test/../backups/backup-2024-07-30-14-09-13.zip
[2024-07-30 14:09:13] Zipping started: 1722348553.563
[2024-07-30 14:09:18] Zipping complete: 1722348558.9841
[2024-07-30 14:10:13] Backup plugin initialized at exactly 1722348613.0612
[2024-07-30 14:10:13] Scanning started: 1722348613.0623
[2024-07-30 14:10:13] Scan complete: 1722348613.4979
[2024-07-30 14:10:13] Files scanned: 4349
[2024-07-30 14:10:13] Backup file: C:\Users\AMD181217\Repositories\laragon\www\wp-test/../backups/backup-2024-07-30-14-10-13.zip
[2024-07-30 14:10:13] Zipping started: 1722348613.5014
[2024-07-30 14:10:19] Zipping complete: 1722348619.2139
[2024-07-30 14:11:13] Backup plugin initialized at exactly 1722348673.2507
[2024-07-30 14:11:13] Scanning started: 1722348673.2521
[2024-07-30 14:11:14] Scan complete: 1722348674.0023
[2024-07-30 14:11:14] Files scanned: 4349
[2024-07-30 14:11:14] Backup file: C:\Users\AMD181217\Repositories\laragon\www\wp-test/../backups/backup-2024-07-30-14-11-14.zip
[2024-07-30 14:11:14] Zipping started: 1722348674.0061
[2024-07-30 14:11:19] Zipping complete: 1722348679.4604
[2024-07-30 14:13:13] Backup plugin initialized at exactly 1722348793.1821
[2024-07-30 14:13:13] Scanning started: 1722348793.1833
[2024-07-30 14:13:13] Scan complete: 1722348793.6413
[2024-07-30 14:13:13] Files scanned: 4349
[2024-07-30 14:13:13] Backup file: C:\Users\AMD181217\Repositories\laragon\www\wp-test/../backups/backup-2024-07-30-14-13-13.zip
[2024-07-30 14:13:13] Zipping started: 1722348793.6448
[2024-07-30 14:13:19] Zipping complete: 1722348799.6211
[2024-07-30 14:14:45] Backup plugin initialized at exactly 1722348885.0158
[2024-07-30 14:14:45] Scanning started: 1722348885.0171
[2024-07-30 14:14:45] Scan complete: 1722348885.6613
[2024-07-30 14:14:45] Files scanned: 4349
[2024-07-30 14:14:45] Backup file: C:\Users\AMD181217\Repositories\laragon\www\wp-test/../backups/backup-2024-07-30-14-14-45.zip
[2024-07-30 14:14:45] Zipping started: 1722348885.6649
[2024-07-30 14:14:45] Backup plugin initialized at exactly 1722348885.9351
[2024-07-30 14:14:45] Scanning started: 1722348885.9365
[2024-07-30 14:14:46] Scan complete: 1722348886.7353
[2024-07-30 14:14:46] Files scanned: 4349
[2024-07-30 14:14:46] Backup file: C:\Users\AMD181217\Repositories\laragon\www\wp-test/../backups/backup-2024-07-30-14-14-46.zip
[2024-07-30 14:14:46] Zipping started: 1722348886.7389
[2024-07-30 14:14:51] Zipping complete: 1722348891.1491
[2024-07-30 14:14:52] Zipping complete: 1722348892.5151
[2024-07-30 14:14:53] Backup plugin initialized at exactly 1722348893.0112
[2024-07-30 14:14:53] Scanning started: 1722348893.0125
[2024-07-30 14:14:53] Scan complete: 1722348893.4775
[2024-07-30 14:14:53] Files scanned: 4349
[2024-07-30 14:14:53] Backup file: C:\Users\AMD181217\Repositories\laragon\www\wp-test/../backups/backup-2024-07-30-14-14-53.zip
[2024-07-30 14:14:53] Zipping started: 1722348893.481
[2024-07-30 14:14:58] Zipping complete: 1722348898.9401
[2024-07-30 14:15:39] Backup plugin initialized at exactly 1722348939.2253
[2024-07-30 14:15:39] Scanning started: 1722348939.2265
[2024-07-30 14:15:39] Scan complete: 1722348939.6788
[2024-07-30 14:15:39] Files scanned: 4349
[2024-07-30 14:15:39] Backup file: C:\Users\AMD181217\Repositories\laragon\www\wp-test/../backups/backup-2024-07-30-14-15-39.zip
[2024-07-30 14:15:39] Zipping started: 1722348939.6822
[2024-07-30 14:15:45] Zipping complete: 1722348945.1291
[2024-07-30 14:15:45] Backup plugin initialized at exactly 1722348945.7086
[2024-07-30 14:15:45] Scanning started: 1722348945.71
[2024-07-30 14:15:46] Scan complete: 1722348946.205
[2024-07-30 14:15:46] Files scanned: 4349
[2024-07-30 14:15:46] Backup file: C:\Users\AMD181217\Repositories\laragon\www\wp-test/../backups/backup-2024-07-30-14-15-46.zip
[2024-07-30 14:15:46] Zipping started: 1722348946.209
[2024-07-30 14:15:51] Zipping complete: 1722348951.6656
[2024-07-30 14:16:45] Backup plugin initialized at exactly 1722349005.7118
[2024-07-30 14:16:45] Scanning started: 1722349005.7136
[2024-07-30 14:16:46] Scan complete: 1722349006.3239
[2024-07-30 14:16:46] Files scanned: 4349
[2024-07-30 14:16:46] Backup file: C:\Users\AMD181217\Repositories\laragon\www\wp-test/../backups/backup-2024-07-30-14-16-46.zip
[2024-07-30 14:16:46] Zipping started: 1722349006.3277
[2024-07-30 14:16:52] Zipping complete: 1722349012.1848
[2024-07-30 14:17:46] Backup plugin initialized at exactly 1722349066.1393
[2024-07-30 14:17:46] Scanning started: 1722349066.1406
[2024-07-30 14:17:46] Scan complete: 1722349066.585
[2024-07-30 14:17:46] Files scanned: 4349
[2024-07-30 14:17:46] Backup file: C:\Users\AMD181217\Repositories\laragon\www\wp-test/../backups/backup-2024-07-30-14-17-46.zip
[2024-07-30 14:17:46] Zipping started: 1722349066.5887
[2024-07-30 14:17:51] Zipping complete: 1722349071.9971
[2024-07-30 14:19:46] Backup plugin initialized at exactly 1722349186.2127
[2024-07-30 14:19:46] Scanning started: 1722349186.2142
[2024-07-30 14:19:46] Scan complete: 1722349186.959
[2024-07-30 14:19:46] Files scanned: 4349
[2024-07-30 14:19:46] Backup file: C:\Users\AMD181217\Repositories\laragon\www\wp-test/../backups/backup-2024-07-30-14-19-46.zip
[2024-07-30 14:19:46] Zipping started: 1722349186.9629
[2024-07-30 14:19:52] Zipping complete: 1722349192.7408
[2024-07-30 14:20:40] Backup plugin initialized at exactly 1722349240.6405
[2024-07-30 14:20:40] Scanning started: 1722349240.6418
[2024-07-30 14:20:41] Scan complete: 1722349241.1099
[2024-07-30 14:20:41] Files scanned: 4349
[2024-07-30 14:20:41] Backup file: C:\Users\AMD181217\Repositories\laragon\www\wp-test/../backups/backup-2024-07-30-14-20-41.zip
[2024-07-30 14:20:41] Zipping started: 1722349241.1136
[2024-07-30 14:20:46] Backup plugin initialized at exactly 1722349246.2435
[2024-07-30 14:20:46] Scanning started: 1722349246.245
[2024-07-30 14:20:46] Zipping complete: 1722349246.5909
[2024-07-30 14:20:47] Scan complete: 1722349247.1332
[2024-07-30 14:20:47] Files scanned: 4349
[2024-07-30 14:20:47] Backup file: C:\Users\AMD181217\Repositories\laragon\www\wp-test/../backups/backup-2024-07-30-14-20-47.zip
[2024-07-30 14:20:47] Zipping started: 1722349247.1376
[2024-07-30 14:20:53] Zipping complete: 1722349253.0025
[2024-07-30 14:21:47] Backup plugin initialized at exactly 1722349307.2171
[2024-07-30 14:21:47] Scanning started: 1722349307.2186
[2024-07-30 14:21:47] Scan complete: 1722349307.9631
[2024-07-30 14:21:47] Files scanned: 4349
[2024-07-30 14:21:47] Backup file: C:\Users\AMD181217\Repositories\laragon\www\wp-test/../backups/backup-2024-07-30-14-21-47.zip
[2024-07-30 14:21:47] Zipping started: 1722349307.9672
[2024-07-30 14:21:53] Zipping complete: 1722349313.7444
[2024-07-30 14:23:48] Backup plugin initialized at exactly 1722349428.2572
[2024-07-30 14:23:48] Scanning started: 1722349428.2587
[2024-07-30 14:23:49] Scan complete: 1722349429.0197
[2024-07-30 14:23:49] Files scanned: 4349
[2024-07-30 14:23:49] Backup file: C:\Users\AMD181217\Repositories\laragon\www\wp-test/../backups/backup-2024-07-30-14-23-49.zip
[2024-07-30 14:23:49] Zipping started: 1722349429.024
[2024-07-30 14:23:54] Zipping complete: 1722349434.8384
[2024-07-30 14:24:17] Backup plugin initialized at exactly 1722349457.7058
[2024-07-30 14:24:17] Scanning started: 1722349457.7074
[2024-07-30 14:24:18] Scan complete: 1722349458.4966
[2024-07-30 14:24:18] Files scanned: 4349
[2024-07-30 14:24:18] Backup file: C:\Users\AMD181217\Repositories\laragon\www\wp-test/../backups/backup-2024-07-30-14-24-18.zip
[2024-07-30 14:24:18] Zipping started: 1722349458.5006
[2024-07-30 14:24:24] Zipping complete: 1722349464.5719
[2024-07-30 14:24:25] Backup plugin initialized at exactly 1722349465.0673
[2024-07-30 14:24:25] Scanning started: 1722349465.0687
[2024-07-30 14:24:25] Scan complete: 1722349465.5314
[2024-07-30 14:24:25] Files scanned: 4349
[2024-07-30 14:24:25] Backup file: C:\Users\AMD181217\Repositories\laragon\www\wp-test/../backups/backup-2024-07-30-14-24-25.zip
[2024-07-30 14:24:25] Zipping started: 1722349465.5353
[2024-07-30 14:24:26] Backup plugin initialized at exactly 1722349466.6393
[2024-07-30 14:24:26] Scanning started: 1722349466.641
[2024-07-30 14:24:27] Scan complete: 1722349467.1377
[2024-07-30 14:24:27] Files scanned: 4349
[2024-07-30 14:24:27] Backup file: C:\Users\AMD181217\Repositories\laragon\www\wp-test/../backups/backup-2024-07-30-14-24-27.zip
[2024-07-30 14:24:27] Zipping started: 1722349467.142
[2024-07-30 14:24:31] Zipping complete: 1722349471.5638
[2024-07-30 14:24:33] Zipping complete: 1722349473.1596
[2024-07-30 14:34:48] Backup plugin initialized at exactly 1722350088.0264
[2024-07-30 14:34:48] Scanning started: 1722350088.0282
[2024-07-30 14:34:48] Scan complete: 1722350088.8372
[2024-07-30 14:34:48] Files scanned: 4349
[2024-07-30 14:34:48] Backup file: C:\Users\AMD181217\Repositories\laragon\www\wp-test/../backups/backup-2024-07-30-14-34-48.zip
[2024-07-30 14:34:48] Zipping started: 1722350088.8413
[2024-07-30 14:34:54] Zipping complete: 1722350094.6613
[2024-07-30 14:34:59] Backup plugin initialized at exactly 1722350099.4811
[2024-07-30 14:34:59] Scanning started: 1722350099.4828
[2024-07-30 14:35:00] Scan complete: 1722350100.3893
[2024-07-30 14:35:00] Files scanned: 4349
[2024-07-30 14:35:00] Backup file: C:\Users\AMD181217\Repositories\laragon\www\wp-test/../backups/backup-2024-07-30-14-35-00.zip
[2024-07-30 14:35:00] Zipping started: 1722350100.3938
[2024-07-30 14:35:07] Zipping complete: 1722350107.1719
[2024-07-30 14:36:36] Backup plugin initialized at exactly 1722350196.8575
[2024-07-30 14:36:36] Scanning started: 1722350196.8592
[2024-07-30 14:36:37] Scan complete: 1722350197.6061
[2024-07-30 14:36:37] Files scanned: 4349
[2024-07-30 14:36:37] Backup file: C:\Users\AMD181217\Repositories\laragon\www\wp-test/../backups/backup-2024-07-30-14-36-37.zip
[2024-07-30 14:36:37] Zipping started: 1722350197.6104
[2024-07-30 14:36:43] Zipping complete: 1722350203.3341
[2024-07-30 14:37:43] Backup plugin initialized at exactly 1722350263.8478
[2024-07-30 14:37:43] Scanning started: 1722350263.8494
[2024-07-30 14:37:44] Scan complete: 1722350264.6328
[2024-07-30 14:37:44] Files scanned: 4349
[2024-07-30 14:37:44] Backup file: C:\Users\AMD181217\Repositories\laragon\www\wp-test/../backups/backup-2024-07-30-14-37-44.zip
[2024-07-30 14:37:44] Zipping started: 1722350264.6371
[2024-07-30 14:37:50] Zipping complete: 1722350270.3836
[2024-07-30 14:41:11] Backup plugin initialized at exactly 1722350471.8493
[2024-07-30 14:41:11] Scanning started: 1722350471.8512
[2024-07-30 14:41:12] Scan complete: 1722350472.9199
[2024-07-30 14:41:12] Files scanned: 4349
[2024-07-30 14:41:12] Backup file: C:\Users\AMD181217\Repositories\laragon\www\wp-test/../backups/backup-2024-07-30-14-41-12.zip
[2024-07-30 14:41:12] Zipping started: 1722350472.9242
[2024-07-30 14:41:18] Zipping complete: 1722350478.7952
[2024-07-30 14:41:41] Backup plugin initialized at exactly 1722350501.7562
[2024-07-30 14:41:41] Scanning started: 1722350501.7577
[2024-07-30 14:41:42] Scan complete: 1722350502.2297
[2024-07-30 14:41:42] Files scanned: 4349
[2024-07-30 14:41:42] Backup file: C:\Users\AMD181217\Repositories\laragon\www\wp-test/../backups/backup-2024-07-30-14-41-42.zip
[2024-07-30 14:41:42] Zipping started: 1722350502.2339
[2024-07-30 14:41:47] Zipping complete: 1722350507.7178
[2024-07-30 14:41:48] Backup plugin initialized at exactly 1722350508.352
[2024-07-30 14:41:48] Scanning started: 1722350508.3537
[2024-07-30 14:41:49] Scan complete: 1722350509.2358
[2024-07-30 14:41:49] Files scanned: 4349
[2024-07-30 14:41:49] Backup file: C:\Users\AMD181217\Repositories\laragon\www\wp-test/../backups/backup-2024-07-30-14-41-49.zip
[2024-07-30 14:41:49] Zipping started: 1722350509.2401
[2024-07-30 14:41:55] Zipping complete: 1722350515.1303
[2024-07-30 14:42:48] Backup plugin initialized at exactly 1722350568.322
[2024-07-30 14:42:48] Scanning started: 1722350568.3247
[2024-07-30 14:42:49] Scan complete: 1722350569.2379
[2024-07-30 14:42:49] Files scanned: 4349
[2024-07-30 14:42:49] Backup file: C:\Users\AMD181217\Repositories\laragon\www\wp-test/../backups/backup-2024-07-30-14-42-49.zip
[2024-07-30 14:42:49] Zipping started: 1722350569.2426
[2024-07-30 14:42:55] Zipping complete: 1722350575.2366
[2024-07-30 14:43:01] Backup plugin initialized at exactly 1722350581.7992
[2024-07-30 14:43:01] Scanning started: 1722350581.8008
[2024-07-30 14:43:02] Scan complete: 1722350582.2334
[2024-07-30 14:43:02] Files scanned: 4349
[2024-07-30 14:43:02] Backup file: C:\Users\AMD181217\Repositories\laragon\www\wp-test/../backups/backup-2024-07-30-14-43-02.zip
[2024-07-30 14:43:02] Zipping started: 1722350582.2379
[2024-07-30 14:43:07] Zipping complete: 1722350587.702
[2024-07-30 14:43:08] Backup plugin initialized at exactly 1722350588.3263
[2024-07-30 14:43:08] Scanning started: 1722350588.3282
[2024-07-30 14:43:09] Scan complete: 1722350589.1059
[2024-07-30 14:43:09] Files scanned: 4349
[2024-07-30 14:43:09] Backup file: C:\Users\AMD181217\Repositories\laragon\www\wp-test/../backups/backup-2024-07-30-14-43-09.zip
[2024-07-30 14:43:09] Zipping started: 1722350589.1105
[2024-07-30 14:43:15] Zipping complete: 1722350595.3733
[2024-07-30 14:44:09] Backup plugin initialized at exactly 1722350649.2024
[2024-07-30 14:44:09] Scanning started: 1722350649.2032
[2024-07-30 14:44:09] Scan complete: 1722350649.9867
[2024-07-30 14:44:09] Files scanned: 4349
[2024-07-30 14:44:09] Backup file: C:\Users\AMD181217\Repositories\laragon\www\wp-test/../backups/backup-2024-07-30-14-44-09.zip
[2024-07-30 14:44:09] Zipping started: 1722350649.9883
[2024-07-30 14:44:14] Zipping complete: 1722350654.5452
[2024-07-30 14:46:10] Backup plugin initialized at exactly 1722350770.2008
[2024-07-30 14:46:10] Scanning started: 1722350770.2015
[2024-07-30 14:46:11] Scan complete: 1722350771.02
[2024-07-30 14:46:11] Files scanned: 4349
[2024-07-30 14:46:11] Backup file: C:\Users\AMD181217\Repositories\laragon\www\wp-test/../backups/backup-2024-07-30-14-46-11.zip
[2024-07-30 14:46:11] Zipping started: 1722350771.0216
[2024-07-30 14:46:15] Zipping complete: 1722350775.5618
[2024-07-30 14:48:10] Backup plugin initialized at exactly 1722350890.1341
[2024-07-30 14:48:10] Scanning started: 1722350890.1346
[2024-07-30 14:48:10] Scan complete: 1722350890.6094
[2024-07-30 14:48:10] Files scanned: 4349
[2024-07-30 14:48:10] Backup file: C:\Users\AMD181217\Repositories\laragon\www\wp-test/../backups/backup-2024-07-30-14-48-10.zip
[2024-07-30 14:48:10] Zipping started: 1722350890.611
[2024-07-30 14:48:16] Zipping complete: 1722350896.8414
[2024-07-30 14:48:48] Backup plugin initialized at exactly 1722350928.0847
[2024-07-30 14:48:48] Scanning started: 1722350928.0852
[2024-07-30 14:48:48] Scan complete: 1722350928.74
[2024-07-30 14:48:48] Files scanned: 4349
[2024-07-30 14:48:48] Backup file: C:\Users\AMD181217\Repositories\laragon\www\wp-test/../backups/backup-2024-07-30-14-48-48.zip
[2024-07-30 14:48:48] Zipping started: 1722350928.7419
[2024-07-30 14:48:54] Zipping complete: 1722350934.3545
[2024-07-30 14:48:55] Backup plugin initialized at exactly 1722350935.0755
[2024-07-30 14:48:55] Scanning started: 1722350935.0762
[2024-07-30 14:48:55] Scan complete: 1722350935.8826
[2024-07-30 14:48:55] Files scanned: 4349
[2024-07-30 14:48:55] Backup file: C:\Users\AMD181217\Repositories\laragon\www\wp-test/../backups/backup-2024-07-30-14-48-55.zip
[2024-07-30 14:48:55] Zipping started: 1722350935.8841
[2024-07-30 14:49:01] Zipping complete: 1722350941.7497
[2024-07-30 14:49:45] Backup plugin initialized at exactly 1722350985.961
[2024-07-30 14:49:45] Scanning started: 1722350985.962
[2024-07-30 14:49:46] Scan complete: 1722350986.7174
[2024-07-30 14:49:46] Files scanned: 4350
[2024-07-30 14:49:46] Backup file: C:\Users\AMD181217\Repositories\laragon\www\wp-test/../backups/backup-2024-07-30-14-49-46.zip
[2024-07-30 14:49:46] Zipping started: 1722350986.719
[2024-07-30 14:49:52] Zipping complete: 1722350992.4807
[2024-07-30 14:49:53] Backup plugin initialized at exactly 1722350993.0303
[2024-07-30 14:49:53] Scanning started: 1722350993.031
[2024-07-30 14:49:53] Scan complete: 1722350993.7836
[2024-07-30 14:49:53] Files scanned: 4350
[2024-07-30 14:49:53] Backup file: C:\Users\AMD181217\Repositories\laragon\www\wp-test/../backups/backup-2024-07-30-14-49-53.zip
[2024-07-30 14:49:53] Zipping started: 1722350993.7851
[2024-07-30 14:49:59] Zipping complete: 1722350999.6987
[2024-07-30 14:50:52] Backup plugin initialized at exactly 1722351052.895
[2024-07-30 14:50:52] Scanning started: 1722351052.8958
[2024-07-30 14:50:53] Scan complete: 1722351053.3687
[2024-07-30 14:50:53] Files scanned: 4349
[2024-07-30 14:50:53] Backup file: C:\Users\AMD181217\Repositories\laragon\www\wp-test/../backups/backup-2024-07-30-14-50-53.zip
[2024-07-30 14:50:53] Zipping started: 1722351053.3702
[2024-07-30 14:50:58] Zipping complete: 1722351058.8965
[2024-07-30 14:52:52] Backup plugin initialized at exactly 1722351172.9882
[2024-07-30 14:52:52] Scanning started: 1722351172.9887
[2024-07-30 14:52:53] Scan complete: 1722351173.7781
[2024-07-30 14:52:53] Files scanned: 4349
[2024-07-30 14:52:53] Backup file: C:\Users\AMD181217\Repositories\laragon\www\wp-test/../backups/backup-2024-07-30-14-52-53.zip
[2024-07-30 14:52:53] Zipping started: 1722351173.7797
[2024-07-30 14:52:59] Zipping complete: 1722351179.4408
